0 info it worked if it ends with ok
1 verbose cli [ '/usr/bin/nodejs', '/usr/bin/npm', 'install', 'react-style' ]
2 info using npm@1.3.10
3 info using node@v0.10.25
4 warn package.json boilerplate-webpack@1.0.0 No repository field.
5 warn package.json babel-plugin-transform-regenerator@6.5.2 No repository field.
6 verbose readDependencies using package.json deps
7 verbose cache add [ 'react-style', null ]
8 verbose cache add name=undefined spec="react-style" args=["react-style",null]
9 verbose parsed url { protocol: null,
9 verbose parsed url   slashes: null,
9 verbose parsed url   auth: null,
9 verbose parsed url   host: null,
9 verbose parsed url   port: null,
9 verbose parsed url   hostname: null,
9 verbose parsed url   hash: null,
9 verbose parsed url   search: null,
9 verbose parsed url   query: null,
9 verbose parsed url   pathname: 'react-style',
9 verbose parsed url   path: 'react-style',
9 verbose parsed url   href: 'react-style' }
10 silly lockFile 8c990825-react-style react-style
11 verbose lock react-style /home/neil/.npm/8c990825-react-style.lock
12 silly lockFile 8c990825-react-style react-style
13 silly lockFile 8c990825-react-style react-style
14 verbose addNamed [ 'react-style', '' ]
15 verbose addNamed [ null, '*' ]
16 silly lockFile 2f84e5a3-react-style react-style@
17 verbose lock react-style@ /home/neil/.npm/2f84e5a3-react-style.lock
18 silly addNameRange { name: 'react-style', range: '*', hasData: false }
19 verbose url raw react-style
20 verbose url resolving [ 'https://registry.npmjs.org/', './react-style' ]
21 verbose url resolved https://registry.npmjs.org/react-style
22 info trying registry request attempt 1 at 02:16:18
23 http GET https://registry.npmjs.org/react-style
24 http 200 https://registry.npmjs.org/react-style
25 silly registry.get cb [ 200,
25 silly registry.get   { server: 'CouchDB/1.5.0 (Erlang OTP/R16B03)',
25 silly registry.get     etag: '"8HDU8CCH9DN3PXRKMDN4G8M1U"',
25 silly registry.get     'content-type': 'application/json',
25 silly registry.get     'cache-control': 'max-age=300',
25 silly registry.get     'content-length': '26820',
25 silly registry.get     'accept-ranges': 'bytes',
25 silly registry.get     date: 'Tue, 29 Mar 2016 01:16:20 GMT',
25 silly registry.get     via: '1.1 varnish',
25 silly registry.get     age: '0',
25 silly registry.get     connection: 'keep-alive',
25 silly registry.get     'x-served-by': 'cache-lcy1123-LCY',
25 silly registry.get     'x-cache': 'MISS',
25 silly registry.get     'x-cache-hits': '0',
25 silly registry.get     'x-timer': 'S1459214179.622502,VS0,VE866',
25 silly registry.get     vary: 'Accept' } ]
26 silly addNameRange number 2 { name: 'react-style', range: '*', hasData: true }
27 silly addNameRange versions [ 'react-style',
27 silly addNameRange   [ '0.0.10-alpha',
27 silly addNameRange     '0.0.11-alpha',
27 silly addNameRange     '0.0.12-alpha',
27 silly addNameRange     '0.0.13-alpha',
27 silly addNameRange     '0.2.0',
27 silly addNameRange     '0.3.0',
27 silly addNameRange     '0.3.1',
27 silly addNameRange     '0.4.0',
27 silly addNameRange     '0.4.1',
27 silly addNameRange     '0.5.0-alpha.1',
27 silly addNameRange     '0.5.0',
27 silly addNameRange     '0.5.1',
27 silly addNameRange     '0.5.2',
27 silly addNameRange     '0.5.3',
27 silly addNameRange     '0.5.4',
27 silly addNameRange     '0.5.5',
27 silly addNameRange     '0.6.0-alpha.1',
27 silly addNameRange     '0.6.0-alpha.2' ] ]
28 verbose addNamed [ 'react-style', '0.5.5' ]
29 verbose addNamed [ '0.5.5', '0.5.5' ]
30 silly lockFile 99fe5ade-react-style-0-5-5 react-style@0.5.5
31 verbose lock react-style@0.5.5 /home/neil/.npm/99fe5ade-react-style-0-5-5.lock
32 silly lockFile 30ea006a-eact-style-react-style-0-5-5-tgz https://registry.npmjs.org/react-style/-/react-style-0.5.5.tgz
33 verbose lock https://registry.npmjs.org/react-style/-/react-style-0.5.5.tgz /home/neil/.npm/30ea006a-eact-style-react-style-0-5-5-tgz.lock
34 verbose addRemoteTarball [ 'https://registry.npmjs.org/react-style/-/react-style-0.5.5.tgz',
34 verbose addRemoteTarball   'b03bd5f58fce36fd78237fe60211063fac0b5596' ]
35 silly lockFile 30ea006a-eact-style-react-style-0-5-5-tgz https://registry.npmjs.org/react-style/-/react-style-0.5.5.tgz
36 silly lockFile 30ea006a-eact-style-react-style-0-5-5-tgz https://registry.npmjs.org/react-style/-/react-style-0.5.5.tgz
37 silly lockFile 99fe5ade-react-style-0-5-5 react-style@0.5.5
38 silly lockFile 99fe5ade-react-style-0-5-5 react-style@0.5.5
39 silly lockFile 2f84e5a3-react-style react-style@
40 silly lockFile 2f84e5a3-react-style react-style@
41 error Error: EACCES, mkdir '/home/neil/tmp/npm-4486-YZIMSPBB'
41 error  { [Error: EACCES, mkdir '/home/neil/tmp/npm-4486-YZIMSPBB']
41 error   errno: 3,
41 error   code: 'EACCES',
41 error   path: '/home/neil/tmp/npm-4486-YZIMSPBB' }
42 error Please try running this command again as root/Administrator.
43 error System Linux 4.2.0-34-generic
44 error command "/usr/bin/nodejs" "/usr/bin/npm" "install" "react-style"
45 error cwd /home/neil/FIT/Boilerplates/react-boilerplate
46 error node -v v0.10.25
47 error npm -v 1.3.10
48 error path /home/neil/tmp/npm-4486-YZIMSPBB
49 error code EACCES
50 error errno 3
51 error stack Error: EACCES, mkdir '/home/neil/tmp/npm-4486-YZIMSPBB'
52 verbose exit [ 3, true ]
